[2023-10-29 14:07:24.567] [151219] [HailoRT] [info] [hailort_driver.cpp:188] [HailoRTDriver] Hailo PCIe driver version 4.15.0
[2023-10-29 14:07:24.567] [151219] [HailoRT] [info] [device.cpp:46] [Device] OS Version: Linux 5.15.0-41-generic #44~20.04.1-Ubuntu SMP Fri Jun 24 13:27:29 UTC 2022 x86_64
[2023-10-29 14:07:24.568] [151219] [HailoRT] [info] [control.cpp:89] [control__parse_identify_results] firmware_version is: 4.15.0
[2023-10-29 14:07:24.568] [151219] [HailoRT] [info] [vdevice.cpp:428] [create] VDevice Infos: 0000:3b:00.0
[2023-10-29 14:07:24.650] [151219] [HailoRT] [info] [device_internal.cpp:57] [configure] Configuring HEF took 12.783376 milliseconds
[2023-10-29 14:07:24.653] [151219] [HailoRT] [info] [vdevice.cpp:512] [configure] Configuring HEF on VDevice took 16.371379 milliseconds
[2023-10-29 14:07:24.654] [151219] [HailoRT] [info] [vstream.cpp:2541] [create] Created HwWriteElement11_yolov8s/input_layer1
[2023-10-29 14:07:24.654] [151219] [HailoRT] [info] [vstream.cpp:1698] [InputVStreamImpl] Creating yolov8s/input_layer1...
[2023-10-29 14:07:24.654] [151219] [HailoRT] [info] [vstream.cpp:3165] [create_inputs] Input pipeline 'yolov8s/input_layer1': (HwWriteElement11_yolov8s/input_layer1 | hw_frame_size: 1228800) >> HW
[2023-10-29 14:07:24.654] [151219] [HailoRT] [info] [vstream.cpp:2365] [create] Created HwReadElement15_yolov8s/conv41
[2023-10-29 14:07:24.654] [151219] [HailoRT] [info] [vstream.cpp:2055] [OutputVStreamImpl] Creating yolov8s/conv41...
[2023-10-29 14:07:24.655] [151219] [HailoRT] [info] [vstream.cpp:3264] [create_outputs] Output pipeline 'yolov8s/conv41': HW >> (HwReadElement15_yolov8s/conv41 | hw_frame_size: 819200)
[2023-10-29 14:07:24.655] [151219] [HailoRT] [info] [vstream.cpp:2365] [create] Created HwReadElement12_yolov8s/conv42
[2023-10-29 14:07:24.655] [151219] [HailoRT] [info] [vstream.cpp:2055] [OutputVStreamImpl] Creating yolov8s/conv42...
[2023-10-29 14:07:24.655] [151219] [HailoRT] [info] [vstream.cpp:3264] [create_outputs] Output pipeline 'yolov8s/conv42': HW >> (HwReadElement12_yolov8s/conv42 | hw_frame_size: 1024000)
[2023-10-29 14:07:24.655] [151219] [HailoRT] [info] [vstream.cpp:2365] [create] Created HwReadElement14_yolov8s/conv52
[2023-10-29 14:07:24.655] [151219] [HailoRT] [info] [vstream.cpp:2055] [OutputVStreamImpl] Creating yolov8s/conv52...
[2023-10-29 14:07:24.655] [151219] [HailoRT] [info] [vstream.cpp:3264] [create_outputs] Output pipeline 'yolov8s/conv52': HW >> (HwReadElement14_yolov8s/conv52 | hw_frame_size: 204800)
[2023-10-29 14:07:24.655] [151219] [HailoRT] [info] [vstream.cpp:2365] [create] Created HwReadElement13_yolov8s/conv53
[2023-10-29 14:07:24.655] [151219] [HailoRT] [info] [vstream.cpp:2055] [OutputVStreamImpl] Creating yolov8s/conv53...
[2023-10-29 14:07:24.655] [151219] [HailoRT] [info] [vstream.cpp:3264] [create_outputs] Output pipeline 'yolov8s/conv53': HW >> (HwReadElement13_yolov8s/conv53 | hw_frame_size: 256000)
[2023-10-29 14:07:24.655] [151219] [HailoRT] [info] [vstream.cpp:2365] [create] Created HwReadElement9_yolov8s/conv62
[2023-10-29 14:07:24.655] [151219] [HailoRT] [info] [vstream.cpp:2055] [OutputVStreamImpl] Creating yolov8s/conv62...
[2023-10-29 14:07:24.655] [151219] [HailoRT] [info] [vstream.cpp:3264] [create_outputs] Output pipeline 'yolov8s/conv62': HW >> (HwReadElement9_yolov8s/conv62 | hw_frame_size: 51200)
[2023-10-29 14:07:24.655] [151219] [HailoRT] [info] [vstream.cpp:2365] [create] Created HwReadElement6_yolov8s/conv63
[2023-10-29 14:07:24.655] [151219] [HailoRT] [info] [vstream.cpp:2055] [OutputVStreamImpl] Creating yolov8s/conv63...
[2023-10-29 14:07:24.655] [151219] [HailoRT] [info] [vstream.cpp:3264] [create_outputs] Output pipeline 'yolov8s/conv63': HW >> (HwReadElement6_yolov8s/conv63 | hw_frame_size: 64000)
