[2023-05-08 11:43:31.034] [1241839] [HailoRT] [info] [hailort_driver.cpp:165] [HailoRTDriver] Hailo PCIe driver version 4.14.0
[2023-05-08 11:43:31.034] [1241839] [HailoRT] [info] [device.cpp:46] [Device] OS Version: Linux 5.14.0-1059-oem #67-Ubuntu SMP Mon Mar 13 14:22:10 UTC 2023 x86_64
[2023-05-08 11:43:31.035] [1241839] [HailoRT] [info] [control.cpp:89] [control__parse_identify_results] firmware_version is: 4.14.0
[2023-05-08 11:43:31.035] [1241839] [HailoRT] [info] [vdevice.cpp:381] [create] VDevice Infos: 0000:05:00.0
[2023-05-08 11:43:31.126] [1241839] [HailoRT] [info] [device_internal.cpp:56] [configure] Configuring HEF took 16.3467 milliseconds
[2023-05-08 11:43:31.127] [1241839] [HailoRT] [info] [vdevice.cpp:454] [configure] Configuring HEF on VDevice took 17.248946 milliseconds
[2023-05-08 11:43:31.127] [1241839] [HailoRT] [info] [vstream.cpp:1738] [create] Created HwWriteElement15_yolov5m_wo_spp_60p/input_layer1
[2023-05-08 11:43:31.127] [1241839] [HailoRT] [info] [event_internal.cpp:25] [wait] wait_for_single_object failed with timeout (timeout=0ms)
[2023-05-08 11:43:31.127] [1241839] [HailoRT] [info] [vstream.cpp:1061] [InputVStreamImpl] Creating yolov5m_wo_spp_60p/input_layer1...
[2023-05-08 11:43:31.127] [1241839] [HailoRT] [info] [vstream.cpp:2020] [create_inputs] Input pipeline 'yolov5m_wo_spp_60p/input_layer1': (HwWriteElement15_yolov5m_wo_spp_60p/input_layer1 | hw_frame_size: 1228800) >> HW
[2023-05-08 11:43:31.127] [1241839] [HailoRT] [info] [vstream.cpp:1562] [create] Created HwReadElement14_yolov5m_wo_spp_60p/conv74
[2023-05-08 11:43:31.127] [1241839] [HailoRT] [info] [pipeline.cpp:1091] [create] Created PullQueueElement_hw_read14_yolov5m_wo_spp_60p/conv74
[2023-05-08 11:43:31.127] [1241839] [HailoRT] [info] [vstream.cpp:147] [create] Created PostInferElement14_yolov5m_wo_spp_60p/conv74
[2023-05-08 11:43:31.127] [1241839] [HailoRT] [info] [pipeline.cpp:1218] [create] Created UserBufferQueueElement_post_transform14_yolov5m_wo_spp_60p/conv74
[2023-05-08 11:43:31.127] [1241839] [HailoRT] [info] [event_internal.cpp:25] [wait] wait_for_single_object failed with timeout (timeout=0ms)
[2023-05-08 11:43:31.127] [1241839] [HailoRT] [info] [event_internal.cpp:25] [wait] wait_for_single_object failed with timeout (timeout=0ms)
[2023-05-08 11:43:31.127] [1241839] [HailoRT] [info] [event_internal.cpp:25] [wait] wait_for_single_object failed with timeout (timeout=0ms)
[2023-05-08 11:43:31.127] [1241839] [HailoRT] [info] [vstream.cpp:1353] [OutputVStreamImpl] Creating yolov5m_wo_spp_60p/conv74...
[2023-05-08 11:43:31.127] [1241839] [HailoRT] [info] [vstream.cpp:2115] [create_outputs] Output pipeline 'yolov5m_wo_spp_60p/conv74': HW >> (HwReadElement14_yolov5m_wo_spp_60p/conv74 | hw_frame_size: 1638400) >> (PullQueueElement_hw_read14_yolov5m_wo_spp_60p/conv74) >> (PostInferElement14_yolov5m_wo_spp_60p/conv74 | Quantization - src_type: UINT8, dst_type FLOAT32, qp_scale: 0.00392047, qp_zp: 0, limvals_min: 0, limvals_max: 0.999719 | Reorder - src_order: FCR, src_shape: (80, 80, 256), dst_order: FCR, dst_shape: (80, 80, 255)) >> (UserBufferQueueElement_post_transform14_yolov5m_wo_spp_60p/conv74 | timeout: 10s)
[2023-05-08 11:43:31.127] [1241844] [HailoRT] [error] [event_internal.cpp:50] [wait] CHECK_EXPECTED_AS_STATUS failed with status=HAILO_TIMEOUT(4)
[2023-05-08 11:43:31.127] [1241839] [HailoRT] [info] [vstream.cpp:1562] [create] Created HwReadElement13_yolov5m_wo_spp_60p/conv84
[2023-05-08 11:43:31.127] [1241839] [HailoRT] [info] [pipeline.cpp:1091] [create] Created PullQueueElement_hw_read13_yolov5m_wo_spp_60p/conv84
[2023-05-08 11:43:31.127] [1241839] [HailoRT] [info] [vstream.cpp:147] [create] Created PostInferElement13_yolov5m_wo_spp_60p/conv84
[2023-05-08 11:43:31.127] [1241839] [HailoRT] [info] [pipeline.cpp:1218] [create] Created UserBufferQueueElement_post_transform13_yolov5m_wo_spp_60p/conv84
[2023-05-08 11:43:31.127] [1241839] [HailoRT] [info] [event_internal.cpp:25] [wait] wait_for_single_object failed with timeout (timeout=0ms)
[2023-05-08 11:43:31.127] [1241839] [HailoRT] [info] [event_internal.cpp:25] [wait] wait_for_single_object failed with timeout (timeout=0ms)
[2023-05-08 11:43:31.127] [1241839] [HailoRT] [info] [event_internal.cpp:25] [wait] wait_for_single_object failed with timeout (timeout=0ms)
[2023-05-08 11:43:31.127] [1241839] [HailoRT] [info] [vstream.cpp:1353] [OutputVStreamImpl] Creating yolov5m_wo_spp_60p/conv84...
[2023-05-08 11:43:31.127] [1241839] [HailoRT] [info] [vstream.cpp:2115] [create_outputs] Output pipeline 'yolov5m_wo_spp_60p/conv84': HW >> (HwReadElement13_yolov5m_wo_spp_60p/conv84 | hw_frame_size: 819200) >> (PullQueueElement_hw_read13_yolov5m_wo_spp_60p/conv84) >> (PostInferElement13_yolov5m_wo_spp_60p/conv84 | Quantization - src_type: UINT16, dst_type FLOAT32, qp_scale: 6.10185e-05, qp_zp: 0, limvals_min: 0, limvals_max: 1.99939 | Reorder - src_order: FCR, src_shape: (40, 40, 256), dst_order: FCR, dst_shape: (40, 40, 255)) >> (UserBufferQueueElement_post_transform13_yolov5m_wo_spp_60p/conv84 | timeout: 10s)
[2023-05-08 11:43:31.127] [1241846] [HailoRT] [error] [event_internal.cpp:50] [wait] CHECK_EXPECTED_AS_STATUS failed with status=HAILO_TIMEOUT(4)
[2023-05-08 11:43:31.127] [1241839] [HailoRT] [info] [vstream.cpp:1562] [create] Created HwReadElement12_yolov5m_wo_spp_60p/conv93
[2023-05-08 11:43:31.127] [1241839] [HailoRT] [info] [pipeline.cpp:1091] [create] Created PullQueueElement_hw_read12_yolov5m_wo_spp_60p/conv93
[2023-05-08 11:43:31.127] [1241839] [HailoRT] [info] [vstream.cpp:147] [create] Created PostInferElement12_yolov5m_wo_spp_60p/conv93
[2023-05-08 11:43:31.127] [1241839] [HailoRT] [info] [pipeline.cpp:1218] [create] Created UserBufferQueueElement_post_transform12_yolov5m_wo_spp_60p/conv93
[2023-05-08 11:43:31.127] [1241839] [HailoRT] [info] [event_internal.cpp:25] [wait] wait_for_single_object failed with timeout (timeout=0ms)
[2023-05-08 11:43:31.127] [1241839] [HailoRT] [info] [event_internal.cpp:25] [wait] wait_for_single_object failed with timeout (timeout=0ms)
[2023-05-08 11:43:31.127] [1241839] [HailoRT] [info] [event_internal.cpp:25] [wait] wait_for_single_object failed with timeout (timeout=0ms)
[2023-05-08 11:43:31.127] [1241839] [HailoRT] [info] [vstream.cpp:1353] [OutputVStreamImpl] Creating yolov5m_wo_spp_60p/conv93...
[2023-05-08 11:43:31.127] [1241839] [HailoRT] [info] [vstream.cpp:2115] [create_outputs] Output pipeline 'yolov5m_wo_spp_60p/conv93': HW >> (HwReadElement12_yolov5m_wo_spp_60p/conv93 | hw_frame_size: 204800) >> (PullQueueElement_hw_read12_yolov5m_wo_spp_60p/conv93) >> (PostInferElement12_yolov5m_wo_spp_60p/conv93 | Quantization - src_type: UINT16, dst_type FLOAT32, qp_scale: 6.10291e-05, qp_zp: 0, limvals_min: 0, limvals_max: 1.99974 | Reorder - src_order: FCR, src_shape: (20, 20, 256), dst_order: FCR, dst_shape: (20, 20, 255)) >> (UserBufferQueueElement_post_transform12_yolov5m_wo_spp_60p/conv93 | timeout: 10s)
[2023-05-08 11:43:31.127] [1241848] [HailoRT] [error] [event_internal.cpp:50] [wait] CHECK_EXPECTED_AS_STATUS failed with status=HAILO_TIMEOUT(4)
[2023-05-08 11:43:31.163] [1241844] [HailoRT] [error] [event_internal.cpp:50] [wait] CHECK_EXPECTED_AS_STATUS failed with status=HAILO_TIMEOUT(4)
[2023-05-08 11:43:31.164] [1241846] [HailoRT] [error] [event_internal.cpp:50] [wait] CHECK_EXPECTED_AS_STATUS failed with status=HAILO_TIMEOUT(4)
[2023-05-08 11:43:31.165] [1241848] [HailoRT] [error] [event_internal.cpp:50] [wait] CHECK_EXPECTED_AS_STATUS failed with status=HAILO_TIMEOUT(4)
[2023-05-08 11:43:31.170] [1241844] [HailoRT] [info] [vstream.cpp:1683] [run_pull] Reading from stream was aborted!
[2023-05-08 11:43:31.170] [1241846] [HailoRT] [info] [vstream.cpp:1683] [run_pull] Reading from stream was aborted!
[2023-05-08 11:43:31.170] [1241844] [HailoRT] [info] [pipeline.cpp:1168] [run_in_thread] run_pull of queue element PullQueueElement_hw_read14_yolov5m_wo_spp_60p/conv74 was aborted!
[2023-05-08 11:43:31.170] [1241846] [HailoRT] [info] [pipeline.cpp:1168] [run_in_thread] run_pull of queue element PullQueueElement_hw_read13_yolov5m_wo_spp_60p/conv84 was aborted!
[2023-05-08 11:43:31.170] [1241847] [HailoRT] [info] [pipeline.cpp:1294] [run_in_thread] Shutdown event was signaled in dequeue of UserBufferQueueElement_post_transform13_yolov5m_wo_spp_60p/conv84!
[2023-05-08 11:43:31.170] [1241848] [HailoRT] [info] [vstream.cpp:1683] [run_pull] Reading from stream was aborted!
[2023-05-08 11:43:31.170] [1241845] [HailoRT] [info] [pipeline.cpp:1294] [run_in_thread] Shutdown event was signaled in dequeue of UserBufferQueueElement_post_transform14_yolov5m_wo_spp_60p/conv74!
[2023-05-08 11:43:31.170] [1241848] [HailoRT] [info] [pipeline.cpp:1168] [run_in_thread] run_pull of queue element PullQueueElement_hw_read12_yolov5m_wo_spp_60p/conv93 was aborted!
[2023-05-08 11:43:31.171] [1241844] [HailoRT] [info] [pipeline.cpp:750] [operator()] Thread in element PullQueueElement_hw_read14_yolov5m_wo_spp_60p/conv74 is not running anymore, exiting..
[2023-05-08 11:43:31.171] [1241849] [HailoRT] [info] [pipeline.cpp:1294] [run_in_thread] Shutdown event was signaled in dequeue of UserBufferQueueElement_post_transform12_yolov5m_wo_spp_60p/conv93!
[2023-05-08 11:43:31.171] [1241839] [HailoRT] [info] [pipeline.cpp:739] [~BaseQueueElement] Queue element PullQueueElement_hw_read14_yolov5m_wo_spp_60p/conv74 has 0 frames in his Queue on destruction
[2023-05-08 11:43:31.171] [1241845] [HailoRT] [info] [pipeline.cpp:750] [operator()] Thread in element UserBufferQueueElement_post_transform14_yolov5m_wo_spp_60p/conv74 is not running anymore, exiting..
[2023-05-08 11:43:31.171] [1241839] [HailoRT] [info] [pipeline.cpp:739] [~BaseQueueElement] Queue element UserBufferQueueElement_post_transform14_yolov5m_wo_spp_60p/conv74 has 0 frames in his Queue on destruction
[2023-05-08 11:43:31.171] [1241846] [HailoRT] [info] [pipeline.cpp:750] [operator()] Thread in element PullQueueElement_hw_read13_yolov5m_wo_spp_60p/conv84 is not running anymore, exiting..
[2023-05-08 11:43:31.171] [1241839] [HailoRT] [info] [pipeline.cpp:739] [~BaseQueueElement] Queue element PullQueueElement_hw_read13_yolov5m_wo_spp_60p/conv84 has 0 frames in his Queue on destruction
[2023-05-08 11:43:31.171] [1241847] [HailoRT] [info] [pipeline.cpp:750] [operator()] Thread in element UserBufferQueueElement_post_transform13_yolov5m_wo_spp_60p/conv84 is not running anymore, exiting..
[2023-05-08 11:43:31.171] [1241839] [HailoRT] [info] [pipeline.cpp:739] [~BaseQueueElement] Queue element UserBufferQueueElement_post_transform13_yolov5m_wo_spp_60p/conv84 has 0 frames in his Queue on destruction
[2023-05-08 11:43:31.171] [1241848] [HailoRT] [info] [pipeline.cpp:750] [operator()] Thread in element PullQueueElement_hw_read12_yolov5m_wo_spp_60p/conv93 is not running anymore, exiting..
[2023-05-08 11:43:31.171] [1241839] [HailoRT] [info] [pipeline.cpp:739] [~BaseQueueElement] Queue element PullQueueElement_hw_read12_yolov5m_wo_spp_60p/conv93 has 0 frames in his Queue on destruction
[2023-05-08 11:43:31.171] [1241849] [HailoRT] [info] [pipeline.cpp:750] [operator()] Thread in element UserBufferQueueElement_post_transform12_yolov5m_wo_spp_60p/conv93 is not running anymore, exiting..
[2023-05-08 11:43:31.171] [1241839] [HailoRT] [info] [pipeline.cpp:739] [~BaseQueueElement] Queue element UserBufferQueueElement_post_transform12_yolov5m_wo_spp_60p/conv93 has 0 frames in his Queue on destruction
